<?xml version="1.0" encoding="UTF-8"?>
<testsuite xmlns:xsi="http://www.w3.org/2001/XMLSchema-instance" xsi:noNamespaceSchemaLocation="https://maven.apache.org/surefire/maven-surefire-plugin/xsd/surefire-test-report-3.0.xsd" version="3.0" name="io.helidon.examples.webserver.sse.SseServiceTest" time="1.277" tests="2" errors="0" skipped="0" failures="0">
  <properties>
[...]
</properties>
  <testcase name="testSseJson" classname="io.helidon.examples.webserver.sse.SseServiceTest" time="0.16">
    <system-out><![CDATA[2025.11.27 10:25:01.442 Logging at runtime configured using /Users/zhaolc/ess/essapp/sse/target/classes/logging.properties
2025.11.27 10:25:02.343 Helidon SE 4.3.2 features: [Config, Encoding, Media, Registry, WebClient, WebServer]
2025.11.27 10:25:02.346 You are using preview features. These APIs are production ready, yet may change more frequently. Please follow Helidon release changelog!
2025.11.27 10:25:02.347 	Preview feature: Registry (Registry)
2025.11.27 10:25:02.354 [0x6fea5631] http://127.0.0.1:49510 bound for socket '@default'
2025.11.27 10:25:02.362 Started all channels in 27 milliseconds. 1649 milliseconds since JVM startup. Java 21.0.9+7-LTS-338
]]></system-out>
  </testcase>
  <testcase name="testSseText" classname="io.helidon.examples.webserver.sse.SseServiceTest" time="0.01"/>
</testsuite>